Braden Licastro
Lab 8
4/4/2012

Pattern 0:
##########
##########
##########
...####...
...####...
...####...
...####...
...####...
...####...
...####...

Pattern 1:
##......##
.##....##.
..##..##..
...####...
....##....
....##....
...####...
..##..##..
.##....##.
##......##

Pattern 2:
....##....
...####...
..##..##..
.##....##.
##......##
##......##
.##....##.
..##..##..
...####...
....##....

Pattern 3:
###...###.
###...###.
###...###.
...###...#
...###...#
...###...#
###...###.
###...###.
###...###.
...###...#

Pattern 4:
###.......
.###......
..###.....
.###......
###....###
......###.
.....###..
......###.
.......###
..........

Input: (generated from pattern 4):
..##.##..#
.#.##.....
..###.#..#
#.##.#...#
##....####
.####.#..#
.....##...
#.#..##..#
#.##..###.
...#...#..

Output:
###.......
.###......
..###.....
.###......
###....###
......###.
.....###..
......###.
.......###
..........

Input: (generated from pattern 1):
.#......##
#.#..#.##.
.####.#.##
.##.###...
...#.#.#..
....##...#
##...##...
..##.##.#.
.##...#...
...##...#.

Output:
###...####
###...###.
####..###.
...####...
...###....
...###....
...####...
..##..##..
.##...###.
...###...#
