/*C3*/SET SCHEMA PUBLIC
DROP TABLE Tweets
CREATE TABLE Tweets (Date varchar(10),Usr varchar(15),Message varchar(140) NOT NULL,Offline int DEFAULT 0 NOT NULL)
INSERT INTO TWEETS VALUES('','Hank_CATAbus','RT @marleyismee: CATA driver just announced to the whole bus if anyone wants free beer a million of them fell out of a truck on Burrowes ...',1)
COMMIT
INSERT INTO TWEETS VALUES('','Hank_CATAbus','RT @dontje_taylor: This cata bus driver looks and sounds like an alcoholic...',1)
COMMIT
INSERT INTO TWEETS VALUES('','Hank_CATAbus','An alcoholic after my own heart < 3 \u000aRT @k_milllz: The cata app should have a struggle bus running from Thursday to Sunday',1)
COMMIT
INSERT INTO TWEETS VALUES('','Hank_CATAbus','Check out @BlackSheep_PSU''s first issue while on campus today. Note: A cover-to-cover read may result in total enlightenment. #HankWisdom',1)
COMMIT
INSERT INTO TWEETS VALUES('','1bradensenough','I''m braden people! #CS3804Life',1)
COMMIT
INSERT INTO TWEETS VALUES('','Tutorialzine','Canvas Query - Use the Canvas Element with jQuery Syntax http://t.co/u2QiJoRVMQ',1)
COMMIT
INSERT INTO TWEETS VALUES('','Tutorialzine','Secrets of Awesome JavaScript API Design http://t.co/lfHn7YVyYN',1)
COMMIT
INSERT INTO TWEETS VALUES('','Hank_CATAbus','Wait till you see it on your first whiteout game. Nothing can compare to that. RT\u201c@TheMainShow_: Penn states stadium is HUUUGEEE!\u201d',1)
COMMIT
INSERT INTO TWEETS VALUES('','Hank_CATAbus','I spell Friday: J-\u00c4-G-E-R',1)
COMMIT
INSERT INTO TWEETS VALUES('','FSBigBob','The 2013 Burgh Bracket #1 Seeds...Any one of these could win the whole thing  http://t.co/PlcCHsmrzu',1)
COMMIT
INSERT INTO TWEETS VALUES('','Hank_CATAbus','RT @surruhkeefar: advice from the CATA bus driver: "get close and make a new friend, just not a new baby"',1)
COMMIT
INSERT INTO TWEETS VALUES('','Tutorialzine','Bolt - a simple, easy and sophisticated content management system http://t.co/qmNrNaFvpo',1)
COMMIT
INSERT INTO TWEETS VALUES('','FSBigBob','Glee - Nsync vs BSB Mash-Up....Let It Happen http://t.co/3byvqr2ZWX',1)
COMMIT
INSERT INTO TWEETS VALUES('','AndrewBoyer','I won''t wait for you...',1)
COMMIT
INSERT INTO TWEETS VALUES('','Kiwanis','RT @BethAHinshaw: Great morning @Kiwanis of Downtown Hutchinson. Reports on new Builders Club, Aktion Club and @circlekintnl #active #se ...',1)
COMMIT
INSERT INTO TWEETS VALUES('','FSBigBob','Justin Timberlake On Jimmy Fallon - Night 4 - Summer Camp  http://t.co/gCVzOo196b #BallShorts',1)
COMMIT
INSERT INTO TWEETS VALUES('','FSBigBob','Win Front Row WWE Monday Night Raw Tickets This Morning ... Details On How To Win Here http://t.co/froeVTc8Jv',1)
COMMIT
INSERT INTO TWEETS VALUES('','FSBigBob','Office Monkey Goat Barfing',1)
COMMIT
INSERT INTO TWEETS VALUES('','FSBigBob','RT @BellaBriBito: Only 4 little green weenies in your mouth at once! #OfficeMonkies @FSBigBob @fsmikey',1)
COMMIT
INSERT INTO TWEETS VALUES('','FSBigBob','The Crosby No Look Pass...Straight Up Rap Video Nasty (GIF) http://t.co/pHP4zamvQy',1)
COMMIT
