This is pdfTeX, Version 3.1415926-2.4-1.40.13 (MiKTeX 2.9) (preloaded format=latex 2013.12.6)  15 DEC 2013 02:39
entering extended mode
**AllegThesis.tex

("C:\Users\Braden\Documents\College\Senior\Thesis\Thesis Document\Paper\AllegTh
esis.tex"
LaTeX2e <2011/06/27>
Babel <v3.8m> and hyphenation patterns for english, afrikaans, ancientgreek, ar
abic, armenian, assamese, basque, bengali, bokmal, bulgarian, catalan, coptic, 
croatian, czech, danish, dutch, esperanto, estonian, farsi, finnish, french, ga
lician, german, german-x-2012-05-30, greek, gujarati, hindi, hungarian, iceland
ic, indonesian, interlingua, irish, italian, kannada, kurmanji, latin, latvian,
 lithuanian, malayalam, marathi, mongolian, mongolianlmc, monogreek, ngerman, n
german-x-2012-05-30, nynorsk, oriya, panjabi, pinyin, polish, portuguese, roman
ian, russian, sanskrit, serbian, slovak, slovenian, spanish, swedish, swissgerm
an, tamil, telugu, turkish, turkmen, ukenglish, ukrainian, uppersorbian, usengl
ishmax, welsh, loaded.
("C:\Program Files (x86)\MiKTeX 2.9\tex\latex\base\report.cls"
Document Class: report 2007/10/19 v1.4h Standard LaTeX document class
("C:\Program Files (x86)\MiKTeX 2.9\tex\latex\base\size12.clo"
File: size12.clo 2007/10/19 v1.4h Standard LaTeX file (size option)
)
\c@part=\count79
\c@chapter=\count80
\c@section=\count81
\c@subsection=\count82
\c@subsubsection=\count83
\c@paragraph=\count84
\c@subparagraph=\count85
\c@figure=\count86
\c@table=\count87
\abovecaptionskip=\skip41
\belowcaptionskip=\skip42
\bibindent=\dimen102
)
("C:\Users\Braden\Documents\College\Senior\Thesis\Thesis Document\Paper\gatorth
esis.sty"
Package: gatorthesis 1997/11/25

Allegheny Thesis Style, $Revision: 1.0 $, by Andrew Thall (athall@allegheny.edu
)
("C:\Program Files (x86)\MiKTeX 2.9\tex\latex\base\ifthen.sty"
Package: ifthen 2001/05/26 v1.1c Standard LaTeX ifthen package (DPC)
)
("C:\Users\Braden\Documents\College\Senior\Thesis\Thesis Document\Paper\doubles
pace.sty") ("C:\Program Files (x86)\MiKTeX 2.9\tex\latex\comment\comment.sty"
\CommentStream=\write3

Excluding comment 'comment')
\gator@hour=\count88
\gator@minute=\count89
\@shortcaptionsize=\skip43

Margins (in inches):
\gator@tmp=\count90
\gator@inches=\count91
\gator@hundredths=\count92
 textheight = 8.81
 topmargin = 0.0-50
 headheight = 0.14
 headsep = 0.50
 voffset = 0.00
 footskip = 0.57
 textwidth = 6.02
 oddsidemargin = 0.50
 evensidemargin = 0.50
 hoffset = 0.00
 marginparwidth = 0.36
 marginparsep = 0.13
) ("C:\Program Files (x86)\MiKTeX 2.9\tex\latex\ams\math\amsmath.sty"
Package: amsmath 2000/07/18 v2.13 AMS math features
\@mathmargin=\skip44

For additional information on amsmath, use the `?' option.
("C:\Program Files (x86)\MiKTeX 2.9\tex\latex\ams\math\amstext.sty"
Package: amstext 2000/06/29 v2.01

("C:\Program Files (x86)\MiKTeX 2.9\tex\latex\ams\math\amsgen.sty"
File: amsgen.sty 1999/11/30 v2.0
\@emptytoks=\toks14
\ex@=\dimen103
))
("C:\Program Files (x86)\MiKTeX 2.9\tex\latex\ams\math\amsbsy.sty"
Package: amsbsy 1999/11/29 v1.2d
\pmbraise@=\dimen104
)
("C:\Program Files (x86)\MiKTeX 2.9\tex\latex\ams\math\amsopn.sty"
Package: amsopn 1999/12/14 v2.01 operator names
)
\inf@bad=\count93
LaTeX Info: Redefining \frac on input line 211.
\uproot@=\count94
\leftroot@=\count95
LaTeX Info: Redefining \overline on input line 307.
\classnum@=\count96
\DOTSCASE@=\count97
LaTeX Info: Redefining \ldots on input line 379.
LaTeX Info: Redefining \dots on input line 382.
LaTeX Info: Redefining \cdots on input line 467.
\Mathstrutbox@=\box26
\strutbox@=\box27
\big@size=\dimen105
LaTeX Font Info:    Redeclaring font encoding OML on input line 567.
LaTeX Font Info:    Redeclaring font encoding OMS on input line 568.
\macc@depth=\count98
\c@MaxMatrixCols=\count99
\dotsspace@=\muskip10
\c@parentequation=\count100
\dspbrk@lvl=\count101
\tag@help=\toks15
\row@=\count102
\column@=\count103
\maxfields@=\count104
\andhelp@=\toks16
\eqnshift@=\dimen106
\alignsep@=\dimen107
\tagshift@=\dimen108
\tagwidth@=\dimen109
\totwidth@=\dimen110
\lineht@=\dimen111
\@envbody=\toks17
\multlinegap=\skip45
\multlinetaggap=\skip46
\mathdisplay@stack=\toks18
LaTeX Info: Redefining \[ on input line 2666.
LaTeX Info: Redefining \] on input line 2667.
)
("C:\Program Files (x86)\MiKTeX 2.9\tex\latex\amsfonts\amssymb.sty"
Package: amssymb 2009/06/22 v3.00

("C:\Program Files (x86)\MiKTeX 2.9\tex\latex\amsfonts\amsfonts.sty"
Package: amsfonts 2009/06/22 v3.00 Basic AMSFonts support
\symAMSa=\mathgroup4
\symAMSb=\mathgroup5
LaTeX Font Info:    Overwriting math alphabet `\mathfrak' in version `bold'
(Font)                  U/euf/m/n --> U/euf/b/n on input line 96.
))
("C:\Program Files (x86)\MiKTeX 2.9\tex\latex\graphics\epsfig.sty"
Package: epsfig 1999/02/16 v1.7a (e)psfig emulation (SPQR)

("C:\Program Files (x86)\MiKTeX 2.9\tex\latex\graphics\graphicx.sty"
Package: graphicx 1999/02/16 v1.0f Enhanced LaTeX Graphics (DPC,SPQR)

("C:\Program Files (x86)\MiKTeX 2.9\tex\latex\graphics\keyval.sty"
Package: keyval 1999/03/16 v1.13 key=value parser (DPC)
\KV@toks@=\toks19
)
("C:\Program Files (x86)\MiKTeX 2.9\tex\latex\graphics\graphics.sty"
Package: graphics 2009/02/05 v1.0o Standard LaTeX Graphics (DPC,SPQR)

("C:\Program Files (x86)\MiKTeX 2.9\tex\latex\graphics\trig.sty"
Package: trig 1999/03/16 v1.09 sin cos tan (DPC)
)
("C:\Program Files (x86)\MiKTeX 2.9\tex\latex\00miktex\graphics.cfg"
File: graphics.cfg 2007/01/18 v1.5 graphics configuration of teTeX/TeXLive
)
Package graphics Info: Driver file: dvips.def on input line 91.

("C:\Program Files (x86)\MiKTeX 2.9\tex\latex\graphics\dvips.def"
File: dvips.def 1999/02/16 v3.0i Driver-dependant file (DPC,SPQR)
))
\Gin@req@height=\dimen112
\Gin@req@width=\dimen113
)
\epsfxsize=\dimen114
\epsfysize=\dimen115
)
("C:\Program Files (x86)\MiKTeX 2.9\tex\latex\ltxmisc\url.sty"
\Urlmuskip=\muskip11
Package: url 2006/04/12  ver 3.3  Verb mode for urls, etc.
)
("C:\Program Files (x86)\MiKTeX 2.9\tex\latex\listings\listings.sty"
\lst@mode=\count105
\lst@gtempboxa=\box28
\lst@token=\toks20
\lst@length=\count106
\lst@currlwidth=\dimen116
\lst@column=\count107
\lst@pos=\count108
\lst@lostspace=\dimen117
\lst@width=\dimen118
\lst@newlines=\count109
\lst@lineno=\count110
\lst@maxwidth=\dimen119

("C:\Program Files (x86)\MiKTeX 2.9\tex\latex\listings\lstmisc.sty"
File: lstmisc.sty 2007/02/22 1.4 (Carsten Heinz)
\c@lstnumber=\count111
\lst@skipnumbers=\count112
\lst@framebox=\box29
)
("C:\Program Files (x86)\MiKTeX 2.9\tex\latex\listings\listings.cfg"
File: listings.cfg 2007/02/22 1.4 listings configuration
))
Package: listings 2007/02/22 1.4 (Carsten Heinz)

("C:\Program Files (x86)\MiKTeX 2.9\tex\latex\algorithm2e\algorithm2e.sty"
Package: algorithm2e 2013/01/06 v5.00 algorithms environments
\c@AlgoLine=\count113

("C:\Program Files (x86)\MiKTeX 2.9\tex\latex\tools\xspace.sty"
Package: xspace 2009/10/20 v1.13 Space after command names (DPC,MH)
LaTeX Info: Redefining \xspace on input line 40.
)
("C:\Program Files (x86)\MiKTeX 2.9\tex\latex\ltxmisc\relsize.sty"
Package: relsize 2003/07/04 ver 3.1
)
********************************************************
Package `algorithm2e' Release 5.0 -- january 06 2013 --
- algorithm2e-announce@lirmm.fr mailing list for announcement about releases
- algorithm2e-discussion@lirmm.fr mailing list for discussion about package
subscribe by emailing sympa@lirmm.fr with 'subscribe <list> <firstname name>'
- Author: Christophe Fiorio (cfiorio@um2.fr)
********************************************************
\skiptotal=\skip47
\skiplinenumber=\skip48
\skiprule=\skip49
\skiphlne=\skip50
\skiptext=\skip51
\skiplength=\skip52
\algomargin=\skip53
\skipalgocfslide=\skip54
\algowidth=\dimen120
\inoutsize=\dimen121
\inoutindent=\dimen122
\interspacetitleruled=\dimen123
\interspacealgoruled=\dimen124
\interspacetitleboxruled=\dimen125
\algocf@inoutbox=\box30
\algocf@inputbox=\box31
\AlCapSkip=\skip55
\AlCapHSkip=\skip56
\algoskipindent=\skip57
\algocf@nlbox=\box32
\algocf@hangingbox=\box33
\algocf@untilbox=\box34
\algocf@skipuntil=\skip58
\algocf@capbox=\box35
\algoheightruledefault=\skip59
\algoheightrule=\skip60
\algotitleheightruledefault=\skip61
\algotitleheightrule=\skip62
\c@algocfline=\count114
\c@algocfproc=\count115
\c@algocf=\count116
\algocf@algoframe=\box36
\algocf@algobox=\box37
) ("C:\Program Files (x86)\MiKTeX 2.9\tex\latex\oberdiek\epstopdf.sty"
Package: epstopdf 2010/02/09 v2.5 Conversion with epstopdf on the fly (HO)

("C:\Program Files (x86)\MiKTeX 2.9\tex\latex\oberdiek\epstopdf-base.sty"
Package: epstopdf-base 2010/02/09 v2.5 Base part for package epstopdf

("C:\Program Files (x86)\MiKTeX 2.9\tex\generic\oberdiek\infwarerr.sty"
Package: infwarerr 2010/04/08 v1.3 Providing info/warning/error messages (HO)
)
("C:\Program Files (x86)\MiKTeX 2.9\tex\latex\oberdiek\grfext.sty"
Package: grfext 2010/08/19 v1.1 Manage graphics extensions (HO)

("C:\Program Files (x86)\MiKTeX 2.9\tex\generic\oberdiek\kvdefinekeys.sty"
Package: kvdefinekeys 2011/04/07 v1.3 Define keys (HO)

("C:\Program Files (x86)\MiKTeX 2.9\tex\generic\oberdiek\ltxcmds.sty"
Package: ltxcmds 2011/11/09 v1.22 LaTeX kernel commands for general use (HO)
)))
("C:\Program Files (x86)\MiKTeX 2.9\tex\latex\oberdiek\kvoptions.sty"
Package: kvoptions 2011/06/30 v3.11 Key value format for package options (HO)

("C:\Program Files (x86)\MiKTeX 2.9\tex\generic\oberdiek\kvsetkeys.sty"
Package: kvsetkeys 2012/04/25 v1.16 Key value parser (HO)

("C:\Program Files (x86)\MiKTeX 2.9\tex\generic\oberdiek\etexcmds.sty"
Package: etexcmds 2011/02/16 v1.5 Avoid name clashes with e-TeX commands (HO)

("C:\Program Files (x86)\MiKTeX 2.9\tex\generic\oberdiek\ifluatex.sty"
Package: ifluatex 2010/03/01 v1.3 Provides the ifluatex switch (HO)
Package ifluatex Info: LuaTeX not detected.
)
Package etexcmds Info: Could not find \expanded.
(etexcmds)             That can mean that you are not using pdfTeX 1.50 or
(etexcmds)             that some package has redefined \expanded.
(etexcmds)             In the latter case, load this package earlier.
)))
("C:\Program Files (x86)\MiKTeX 2.9\tex\generic\oberdiek\pdftexcmds.sty"
Package: pdftexcmds 2011/11/29 v0.20 Utility functions of pdfTeX for LuaTeX (HO
)

("C:\Program Files (x86)\MiKTeX 2.9\tex\generic\oberdiek\ifpdf.sty"
Package: ifpdf 2011/01/30 v2.3 Provides the ifpdf switch (HO)
Package ifpdf Info: pdfTeX in PDF mode is not detected.
)
Package pdftexcmds Info: LuaTeX not detected.
Package pdftexcmds Info: \pdf@primitive is available.
Package pdftexcmds Info: \pdf@ifprimitive is available.
Package pdftexcmds Info: \pdfdraftmode is ignored in DVI mode.
)

Package epstopdf Warning: Drivers other than `pdftex.def' are not supported.

))
("C:\Users\Braden\Documents\College\Senior\Thesis\Thesis Document\Paper\AllegTh
esis.aux"
("C:\Users\Braden\Documents\College\Senior\Thesis\Thesis Document\Paper\abstrac
t.aux")
("C:\Users\Braden\Documents\College\Senior\Thesis\Thesis Document\Paper\dedicat
ion.aux")
("C:\Users\Braden\Documents\College\Senior\Thesis\Thesis Document\Paper\ack.aux
")
("C:\Users\Braden\Documents\College\Senior\Thesis\Thesis Document\Paper\ch01_ov
erview.aux")
("C:\Users\Braden\Documents\College\Senior\Thesis\Thesis Document\Paper\ch02_re
latedwork.aux")
("C:\Users\Braden\Documents\College\Senior\Thesis\Thesis Document\Paper\ch03_me
thodofapproach.aux")
("C:\Users\Braden\Documents\College\Senior\Thesis\Thesis Document\Paper\ch04_re
sultsevaluation.aux")
("C:\Users\Braden\Documents\College\Senior\Thesis\Thesis Document\Paper\ch05_co
nclusion.aux")
("C:\Users\Braden\Documents\College\Senior\Thesis\Thesis Document\Paper\appa.au
x"))
LaTeX Font Info:    Checking defaults for OML/cmm/m/it on input line 103.
LaTeX Font Info:    ... okay on input line 103.
LaTeX Font Info:    Checking defaults for T1/cmr/m/n on input line 103.
LaTeX Font Info:    ... okay on input line 103.
LaTeX Font Info:    Checking defaults for OT1/cmr/m/n on input line 103.
LaTeX Font Info:    ... okay on input line 103.
LaTeX Font Info:    Checking defaults for OMS/cmsy/m/n on input line 103.
LaTeX Font Info:    ... okay on input line 103.
LaTeX Font Info:    Checking defaults for OMX/cmex/m/n on input line 103.
LaTeX Font Info:    ... okay on input line 103.
LaTeX Font Info:    Checking defaults for U/cmr/m/n on input line 103.
LaTeX Font Info:    ... okay on input line 103.
\c@lstlisting=\count117
LaTeX Font Info:    Try loading font information for U+msa on input line 131.
 ("C:\Program Files (x86)\MiKTeX 2.9\tex\latex\amsfonts\umsa.fd"
File: umsa.fd 2009/06/22 v3.00 AMS symbols A
)
LaTeX Font Info:    Try loading font information for U+msb on input line 131.

("C:\Program Files (x86)\MiKTeX 2.9\tex\latex\amsfonts\umsb.fd"
File: umsb.fd 2009/06/22 v3.00 AMS symbols B
) [1

]
LaTeX Font Info:    Try loading font information for OMS+cmr on input line 132.


("C:\Program Files (x86)\MiKTeX 2.9\tex\latex\base\omscmr.fd"
File: omscmr.fd 1999/05/25 v2.5h Standard LaTeX font definitions
)
LaTeX Font Info:    Font shape `OMS/cmr/m/n' in size <12> not available
(Font)              Font shape `OMS/cmsy/m/n' tried instead on input line 132.
 [2]
("C:\Users\Braden\Documents\College\Senior\Thesis\Thesis Document\Paper\abstrac
t.tex" [3


])
("C:\Users\Braden\Documents\College\Senior\Thesis\Thesis Document\Paper\dedicat
ion.tex" [4



])
("C:\Users\Braden\Documents\College\Senior\Thesis\Thesis Document\Paper\ack.tex
") [5





]
("C:\Users\Braden\Documents\College\Senior\Thesis\Thesis Document\Paper\AllegTh
esis.toc")
\tf@toc=\write4
 [6



]
("C:\Users\Braden\Documents\College\Senior\Thesis\Thesis Document\Paper\AllegTh
esis.lof")
\tf@lof=\write5
 ("C:\Program Files (x86)\MiKTeX 2.9\tex\latex\listings\lstlang1.sty"
File: lstlang1.sty 2004/09/05 1.3 listings language file
) [7


]
("C:\Users\Braden\Documents\College\Senior\Thesis\Thesis Document\Paper\ch01_ov
erview.tex"
Chapter 1.
File: imageshareprocess.eps Graphic file (type eps)
<imageshareprocess.eps> [1



] [2] [3]) [4]
("C:\Users\Braden\Documents\College\Senior\Thesis\Thesis Document\Paper\ch02_re
latedwork.tex"
Chapter 2.
) [5




]
("C:\Users\Braden\Documents\College\Senior\Thesis\Thesis Document\Paper\ch03_me
thodofapproach.tex"
Chapter 3.
[6




]
("C:\Users\Braden\Documents\College\Senior\Thesis\Thesis Document\Paper\Code/Sa
mpleProgUncommented.java")) [7]
("C:\Users\Braden\Documents\College\Senior\Thesis\Thesis Document\Paper\ch04_re
sultsevaluation.tex"
Chapter 4.
) [8




]
("C:\Users\Braden\Documents\College\Senior\Thesis\Thesis Document\Paper\ch05_co
nclusion.tex"
Chapter 5.
) [9




]
("C:\Users\Braden\Documents\College\Senior\Thesis\Thesis Document\Paper\appa.te
x"
Appendix A.

("C:\Users\Braden\Documents\College\Senior\Thesis\Thesis Document\Paper\Code/Sa
mpleProg.java" [10




])) [11]
("C:\Users\Braden\Documents\College\Senior\Thesis\Thesis Document\Paper\AllegTh
esis.bbl"
Underfull \hbox (badness 1178) in paragraph at lines 4--8
[]\OT1/cmr/m/n/12 Angela Bradley.  Re-nam-ing PHP Up-loads.  $\OT1/cmtt/m/n/12 
http : / / php . about . com / od /
 []


Underfull \hbox (badness 1424) in paragraph at lines 10--14
[]\OT1/cmr/m/n/12 CatPa.ws.  PHP GD Du-pli-cate Im-age Finder.  $\OT1/cmtt/m/n/
12 http : / / www . catpa . ws /
 []


Underfull \hbox (badness 1097) in paragraph at lines 22--29
[]\OT1/cmr/m/n/12 All Things Dig-i-tal.  Meeker: 500 Mil-lion Pho-tos Shared Pe
r Day and
 []


Overfull \hbox (113.82162pt too wide) in paragraph at lines 22--29
\OT1/cmtt/m/n/12 meeker-[]500-[]million-[]photos-[]shared-[]per-[]day-[]and-[]t
hats-[]on-[]track-[]to-[]double-[]in-[]12-[]months/$\OT1/cmr/m/n/12 ,
 []


Underfull \hbox (badness 1077) in paragraph at lines 31--35
\OT1/cmtt/m/n/12 http : / / php . net / manual / en / ref . image . php$\OT1/cm
r/m/n/12 , 2013.  [On-line; ac-cessed 21-
 []


Underfull \hbox (badness 10000) in paragraph at lines 69--75
\OT1/cmtt/m/n/12 tutsplus . com / tutorials / php / pdo-[]vs-[]mysqli-[]which-[
]should-[]you-[]use/$\OT1/cmr/m/n/12 ,
 []

[12



]
Underfull \hbox (badness 10000) in paragraph at lines 84--91
[]\OT1/cmr/m/n/12 nixCraft.  Ubuntu Linux: In-stall or Add PHP-GD Sup-
 []


Underfull \hbox (badness 10000) in paragraph at lines 84--91
\OT1/cmr/m/n/12 port to Apache Web Server.  $\OT1/cmtt/m/n/12 http : / / www . 
cyberciti . biz / faq /
 []


Underfull \hbox (badness 10000) in paragraph at lines 93--100
[]\OT1/cmr/m/n/12 NTP Soft-ware.  Sur-vey Says Nearly Two-Thirds of Files on
 []


Underfull \hbox (badness 10000) in paragraph at lines 93--100
\OT1/cmr/m/n/12 Pri-mary Stor-age Are Stale.  $\OT1/cmtt/m/n/12 www . ntpsoftwa
re . com / pressroom /
 []


Underfull \hbox (badness 10000) in paragraph at lines 93--100
\OT1/cmtt/m/n/12 survey-[]says-[]nearly-[]two-[]thirds-[]files-[]primary-[]stor
age-[]are-[]stale$\OT1/cmr/m/n/12 ,
 []

)
THEPAGE 13
[13]
("C:\Users\Braden\Documents\College\Senior\Thesis\Thesis Document\Paper\AllegTh
esis.aux"
("C:\Users\Braden\Documents\College\Senior\Thesis\Thesis Document\Paper\abstrac
t.aux")
("C:\Users\Braden\Documents\College\Senior\Thesis\Thesis Document\Paper\dedicat
ion.aux")
("C:\Users\Braden\Documents\College\Senior\Thesis\Thesis Document\Paper\ack.aux
")
("C:\Users\Braden\Documents\College\Senior\Thesis\Thesis Document\Paper\ch01_ov
erview.aux")
("C:\Users\Braden\Documents\College\Senior\Thesis\Thesis Document\Paper\ch02_re
latedwork.aux")
("C:\Users\Braden\Documents\College\Senior\Thesis\Thesis Document\Paper\ch03_me
thodofapproach.aux")
("C:\Users\Braden\Documents\College\Senior\Thesis\Thesis Document\Paper\ch04_re
sultsevaluation.aux")
("C:\Users\Braden\Documents\College\Senior\Thesis\Thesis Document\Paper\ch05_co
nclusion.aux")
("C:\Users\Braden\Documents\College\Senior\Thesis\Thesis Document\Paper\appa.au
x")) ) 
Here is how much of TeX's memory you used:
 5013 strings out of 493922
 74678 string characters out of 3144896
 278552 words of memory out of 3000000
 8154 multiletter control sequences out of 15000+200000
 10964 words of font info for 42 fonts, out of 3000000 for 9000
 844 hyphenation exceptions out of 8191
 42i,11n,40p,1497b,1481s stack positions out of 5000i,500n,10000p,200000b,50000s

Output written on AllegThesis.dvi (20 pages, 43972 bytes).
