Braden Licastro
Lab 8
4/4/2012

Pattern 0:
##########
##########
##########
...####...
...####...
...####...
...####...
...####...
...####...
...####...

Pattern 1:
##......##
.##....##.
..##..##..
...####...
....##....
....##....
...####...
..##..##..
.##....##.
##......##

Pattern 2:
....##....
...####...
..##..##..
.##....##.
##......##
##......##
.##....##.
..##..##..
...####...
....##....

Pattern 3:
###...###.
###...###.
###...###.
...###...#
...###...#
...###...#
###...###.
###...###.
###...###.
...###...#

Pattern 4:
###.......
.###......
..###.....
.###......
###....###
......###.
.....###..
......###.
.......###
..........

Pattern 5:
...####...
...####...
...####...
...####...
...####...
...####...
...####...
##########
##########
##########

Pattern 6:
##########
#..####..#
#.##..##.#
###....###
##..##..##
##..##..##
###....###
#.##..##.#
#..####..#
##########

Input: (generated from pattern 1):
##...#..##
.##....##.
..##.###..
...####...
....##....
..#.##....
...#####..
..##..##.#
.##....##.
.#......##

Output:
##......##
.##....##.
..##..##..
...##.#...
....##....
....##...#
...####...
..##..##..
.##....##.
##......##

Input: (generated from pattern 2):
....##....
...####...
..##..#..#
###....##.
##......##
##......##
.##....##.
..##..##..
.#.####...
....##.#..

Output:
....#.....
...####...
..##..##..
.##....##.
##.##...##
###.....##
.##....##.
..##..##..
...####...
....##....
